22-07-2016 01:05:05 INFO  ClassPathXmlApplicationContext:581 - Refreshing org.springframework.context.support.ClassPathXmlApplicationContext@aec6354: startup date [Fri Jul 22 01:05:05 EEST 2016]; root of context hierarchy
22-07-2016 01:05:05 INFO  XmlBeanDefinitionReader:317 - Loading XML bean definitions from class path resource [application-context.xml]
22-07-2016 01:05:06 INFO  XmlBeanDefinitionReader:317 - Loading XML bean definitions from class path resource [aop-context.xml]
22-07-2016 01:05:11 INFO  AppCalc:52 - Class CalcNumbers, method doCalc before executing
22-07-2016 01:05:11 INFO  AppCalc:52 - Class ParserToStringExpressionForApp, method parse before executing
22-07-2016 01:05:11 INFO  AppCalc:54 - Class ParserToStringExpressionForApp, method parse after executing
22-07-2016 01:05:11 INFO  AppCalc:52 - Class ExpressionTypeIdentifierForApp, method identify before executing
22-07-2016 01:05:11 INFO  AppCalc:54 - Class ExpressionTypeIdentifierForApp, method identify after executing
22-07-2016 01:05:11 INFO  AppCalc:52 - Class ExpressionProvider, method getExpression before executing
22-07-2016 01:05:11 INFO  AppCalc:54 - Class ExpressionProvider, method getExpression after executing
22-07-2016 01:05:11 INFO  AppCalc:52 - Class ExpressionIntegerPlus, method setArguments before executing
22-07-2016 01:05:11 INFO  AppCalc:54 - Class ExpressionIntegerPlus, method setArguments after executing
22-07-2016 01:05:11 INFO  AppCalc:52 - Class ExpressionIntegerPlus, method calculate before executing
22-07-2016 01:05:11 INFO  AppCalc:54 - Class ExpressionIntegerPlus, method calculate after executing
22-07-2016 01:05:11 INFO  AppCalc:52 - Class ExpressionIntegerPlus, method getResult before executing
22-07-2016 01:05:11 INFO  AppCalc:54 - Class ExpressionIntegerPlus, method getResult after executing
22-07-2016 01:05:11 INFO  AppCalc:54 - Class CalcNumbers, method doCalc after executing
22-07-2016 08:15:31 INFO  ClassPathXmlApplicationContext:581 - Refreshing org.springframework.context.support.ClassPathXmlApplicationContext@aec6354: startup date [Fri Jul 22 08:15:31 EEST 2016]; root of context hierarchy
22-07-2016 08:15:31 INFO  XmlBeanDefinitionReader:317 - Loading XML bean definitions from class path resource [application-context.xml]
22-07-2016 08:15:34 INFO  XmlBeanDefinitionReader:317 - Loading XML bean definitions from class path resource [aop-context.xml]
22-07-2016 08:17:43 INFO  AppCalc:52 - Class CalcNumbers, method doCalc before executing
22-07-2016 08:17:43 INFO  AppCalc:52 - Class ParserToStringExpressionForApp, method parse before executing
22-07-2016 08:17:43 INFO  AppCalc:54 - Class ParserToStringExpressionForApp, method parse after executing
22-07-2016 08:17:43 INFO  AppCalc:52 - Class ExpressionTypeIdentifierForApp, method identify before executing
22-07-2016 08:17:43 INFO  AppCalc:54 - Class ExpressionTypeIdentifierForApp, method identify after executing
22-07-2016 08:17:43 INFO  AppCalc:52 - Class ExpressionProvider, method getExpression before executing
22-07-2016 08:17:43 INFO  AppCalc:54 - Class ExpressionProvider, method getExpression after executing
22-07-2016 08:17:43 INFO  AppCalc:52 - Class ExpressionIntegerPlus, method setArguments before executing
22-07-2016 08:17:43 INFO  AppCalc:54 - Class ExpressionIntegerPlus, method setArguments after executing
22-07-2016 08:17:43 INFO  AppCalc:52 - Class ExpressionIntegerPlus, method calculate before executing
22-07-2016 08:17:43 INFO  AppCalc:54 - Class ExpressionIntegerPlus, method calculate after executing
22-07-2016 08:17:43 INFO  AppCalc:52 - Class ExpressionIntegerPlus, method getResult before executing
22-07-2016 08:17:43 INFO  AppCalc:54 - Class ExpressionIntegerPlus, method getResult after executing
22-07-2016 08:17:43 INFO  AppCalc:54 - Class CalcNumbers, method doCalc after executing
22-07-2016 08:17:46 INFO  AppCalc:52 - Class CalcNumbers, method doCalc before executing
22-07-2016 08:17:46 INFO  AppCalc:52 - Class ParserToStringExpressionForApp, method parse before executing
22-07-2016 08:17:46 INFO  AppCalc:54 - Class ParserToStringExpressionForApp, method parse after executing
22-07-2016 08:17:46 INFO  AppCalc:52 - Class ExpressionTypeIdentifierForApp, method identify before executing
22-07-2016 08:17:46 INFO  AppCalc:54 - Class ExpressionTypeIdentifierForApp, method identify after executing
22-07-2016 08:17:46 INFO  AppCalc:52 - Class ExpressionProvider, method getExpression before executing
22-07-2016 08:17:46 INFO  AppCalc:54 - Class ExpressionProvider, method getExpression after executing
22-07-2016 08:17:46 INFO  AppCalc:52 - Class ExpressionIntegerMinus, method setArguments before executing
22-07-2016 08:17:46 INFO  AppCalc:54 - Class ExpressionIntegerMinus, method setArguments after executing
22-07-2016 08:17:46 INFO  AppCalc:52 - Class ExpressionIntegerMinus, method calculate before executing
22-07-2016 08:17:46 INFO  AppCalc:54 - Class ExpressionIntegerMinus, method calculate after executing
22-07-2016 08:17:46 INFO  AppCalc:52 - Class ExpressionIntegerMinus, method getResult before executing
22-07-2016 08:17:46 INFO  AppCalc:54 - Class ExpressionIntegerMinus, method getResult after executing
22-07-2016 08:17:46 INFO  AppCalc:54 - Class CalcNumbers, method doCalc after executing
22-07-2016 08:17:49 INFO  AppCalc:52 - Class CalcNumbers, method doCalc before executing
22-07-2016 08:17:49 INFO  AppCalc:52 - Class ParserToStringExpressionForApp, method parse before executing
22-07-2016 08:17:49 INFO  AppCalc:54 - Class ParserToStringExpressionForApp, method parse after executing
22-07-2016 08:17:49 INFO  AppCalc:52 - Class ExpressionTypeIdentifierForApp, method identify before executing
22-07-2016 08:17:49 INFO  AppCalc:54 - Class ExpressionTypeIdentifierForApp, method identify after executing
22-07-2016 08:17:49 INFO  AppCalc:52 - Class ExpressionProvider, method getExpression before executing
22-07-2016 08:17:49 INFO  AppCalc:54 - Class ExpressionProvider, method getExpression after executing
22-07-2016 08:17:49 INFO  AppCalc:52 - Class ExpressionIntegerMultiply, method setArguments before executing
22-07-2016 08:17:49 INFO  AppCalc:54 - Class ExpressionIntegerMultiply, method setArguments after executing
22-07-2016 08:17:49 INFO  AppCalc:52 - Class ExpressionIntegerMultiply, method calculate before executing
22-07-2016 08:17:49 INFO  AppCalc:54 - Class ExpressionIntegerMultiply, method calculate after executing
22-07-2016 08:17:49 INFO  AppCalc:52 - Class ExpressionIntegerMultiply, method getResult before executing
22-07-2016 08:17:49 INFO  AppCalc:54 - Class ExpressionIntegerMultiply, method getResult after executing
22-07-2016 08:17:49 INFO  AppCalc:54 - Class CalcNumbers, method doCalc after executing
22-07-2016 08:17:52 INFO  AppCalc:52 - Class CalcNumbers, method doCalc before executing
22-07-2016 08:17:52 INFO  AppCalc:52 - Class ParserToStringExpressionForApp, method parse before executing
22-07-2016 08:17:52 INFO  AppCalc:54 - Class ParserToStringExpressionForApp, method parse after executing
22-07-2016 08:17:52 INFO  AppCalc:52 - Class ExpressionTypeIdentifierForApp, method identify before executing
22-07-2016 08:17:52 INFO  AppCalc:54 - Class ExpressionTypeIdentifierForApp, method identify after executing
22-07-2016 08:17:52 INFO  AppCalc:52 - Class ExpressionProvider, method getExpression before executing
22-07-2016 08:17:52 INFO  AppCalc:54 - Class ExpressionProvider, method getExpression after executing
22-07-2016 08:17:52 INFO  AppCalc:52 - Class ExpressionIntegerDivide, method setArguments before executing
22-07-2016 08:17:52 INFO  AppCalc:54 - Class ExpressionIntegerDivide, method setArguments after executing
22-07-2016 08:17:52 INFO  AppCalc:52 - Class ExpressionIntegerDivide, method calculate before executing
22-07-2016 08:17:52 INFO  AppCalc:54 - Class ExpressionIntegerDivide, method calculate after executing
22-07-2016 08:17:52 INFO  AppCalc:52 - Class ExpressionIntegerDivide, method getResult before executing
22-07-2016 08:17:52 INFO  AppCalc:54 - Class ExpressionIntegerDivide, method getResult after executing
22-07-2016 08:17:52 INFO  AppCalc:54 - Class CalcNumbers, method doCalc after executing
22-07-2016 08:18:00 INFO  AppCalc:52 - Class CalcNumbers, method doCalc before executing
22-07-2016 08:18:00 INFO  AppCalc:52 - Class ParserToStringExpressionForApp, method parse before executing
22-07-2016 08:18:00 INFO  AppCalc:54 - Class ParserToStringExpressionForApp, method parse after executing
22-07-2016 08:18:00 INFO  AppCalc:52 - Class ExpressionTypeIdentifierForApp, method identify before executing
22-07-2016 08:18:00 INFO  AppCalc:54 - Class ExpressionTypeIdentifierForApp, method identify after executing
22-07-2016 08:18:00 INFO  AppCalc:52 - Class ExpressionProvider, method getExpression before executing
22-07-2016 08:18:00 INFO  AppCalc:54 - Class ExpressionProvider, method getExpression after executing
22-07-2016 08:18:00 INFO  AppCalc:52 - Class ExpressionFloatDivide, method setArguments before executing
22-07-2016 08:18:00 INFO  AppCalc:54 - Class ExpressionFloatDivide, method setArguments after executing
22-07-2016 08:18:00 INFO  AppCalc:52 - Class ExpressionFloatDivide, method calculate before executing
22-07-2016 08:18:00 INFO  AppCalc:54 - Class ExpressionFloatDivide, method calculate after executing
22-07-2016 08:18:00 INFO  AppCalc:52 - Class ExpressionFloatDivide, method getResult before executing
22-07-2016 08:18:00 INFO  AppCalc:54 - Class ExpressionFloatDivide, method getResult after executing
22-07-2016 08:18:00 INFO  AppCalc:54 - Class CalcNumbers, method doCalc after executing
22-07-2016 08:18:04 INFO  AppCalc:52 - Class CalcNumbers, method doCalc before executing
22-07-2016 08:18:04 INFO  AppCalc:52 - Class ParserToStringExpressionForApp, method parse before executing
22-07-2016 08:18:04 INFO  AppCalc:54 - Class ParserToStringExpressionForApp, method parse after executing
22-07-2016 08:18:04 INFO  AppCalc:52 - Class ExpressionTypeIdentifierForApp, method identify before executing
22-07-2016 08:18:04 INFO  AppCalc:54 - Class ExpressionTypeIdentifierForApp, method identify after executing
22-07-2016 08:18:04 INFO  AppCalc:52 - Class ExpressionProvider, method getExpression before executing
22-07-2016 08:18:04 INFO  AppCalc:54 - Class ExpressionProvider, method getExpression after executing
22-07-2016 08:18:04 INFO  AppCalc:52 - Class ExpressionLogarithm, method setArguments before executing
22-07-2016 08:18:04 INFO  AppCalc:54 - Class ExpressionLogarithm, method setArguments after executing
22-07-2016 08:18:04 INFO  AppCalc:52 - Class ExpressionLogarithm, method calculate before executing
22-07-2016 08:18:04 INFO  AppCalc:54 - Class ExpressionLogarithm, method calculate after executing
22-07-2016 08:18:04 INFO  AppCalc:52 - Class ExpressionLogarithm, method getResult before executing
22-07-2016 08:18:04 INFO  AppCalc:54 - Class ExpressionLogarithm, method getResult after executing
22-07-2016 08:18:04 INFO  AppCalc:54 - Class CalcNumbers, method doCalc after executing
22-07-2016 08:18:09 INFO  AppCalc:52 - Class CalcNumbers, method doCalc before executing
22-07-2016 08:18:09 INFO  AppCalc:52 - Class ParserToStringExpressionForApp, method parse before executing
22-07-2016 08:18:09 INFO  AppCalc:54 - Class ParserToStringExpressionForApp, method parse after executing
22-07-2016 08:18:10 INFO  AppCalc:52 - Class ExpressionTypeIdentifierForApp, method identify before executing
22-07-2016 08:18:10 INFO  AppCalc:54 - Class ExpressionTypeIdentifierForApp, method identify after executing
22-07-2016 08:18:10 INFO  AppCalc:52 - Class ExpressionProvider, method getExpression before executing
22-07-2016 08:18:10 INFO  AppCalc:54 - Class ExpressionProvider, method getExpression after executing
22-07-2016 08:18:10 INFO  AppCalc:52 - Class ExpressionSquareRoot, method setArguments before executing
22-07-2016 08:18:10 INFO  AppCalc:54 - Class ExpressionSquareRoot, method setArguments after executing
22-07-2016 08:18:10 INFO  AppCalc:52 - Class ExpressionSquareRoot, method calculate before executing
22-07-2016 08:18:10 INFO  AppCalc:54 - Class ExpressionSquareRoot, method calculate after executing
22-07-2016 08:18:10 INFO  AppCalc:52 - Class ExpressionSquareRoot, method getResult before executing
22-07-2016 08:18:10 INFO  AppCalc:54 - Class ExpressionSquareRoot, method getResult after executing
22-07-2016 08:18:10 INFO  AppCalc:54 - Class CalcNumbers, method doCalc after executing
22-07-2016 08:18:14 INFO  AppCalc:52 - Class CalcNumbers, method doCalc before executing
22-07-2016 08:18:14 INFO  AppCalc:52 - Class ParserToStringExpressionForApp, method parse before executing
22-07-2016 08:18:14 INFO  AppCalc:54 - Class ParserToStringExpressionForApp, method parse after executing
22-07-2016 08:18:14 INFO  AppCalc:52 - Class ExpressionTypeIdentifierForApp, method identify before executing
22-07-2016 08:18:14 INFO  AppCalc:54 - Class ExpressionTypeIdentifierForApp, method identify after executing
22-07-2016 08:18:14 INFO  AppCalc:52 - Class ExpressionProvider, method getExpression before executing
22-07-2016 08:18:14 INFO  AppCalc:54 - Class ExpressionProvider, method getExpression after executing
22-07-2016 08:18:14 INFO  AppCalc:52 - Class ExpressionFactorial, method setArguments before executing
22-07-2016 08:18:14 INFO  AppCalc:54 - Class ExpressionFactorial, method setArguments after executing
22-07-2016 08:18:14 INFO  AppCalc:52 - Class ExpressionFactorial, method calculate before executing
22-07-2016 08:18:14 INFO  AppCalc:54 - Class ExpressionFactorial, method calculate after executing
22-07-2016 08:18:14 INFO  AppCalc:52 - Class ExpressionFactorial, method getResult before executing
22-07-2016 08:18:14 INFO  AppCalc:54 - Class ExpressionFactorial, method getResult after executing
22-07-2016 08:18:14 INFO  AppCalc:54 - Class CalcNumbers, method doCalc after executing
